\BOOKMARK [0][-]{chapter.1}{\376\377\000N\000a\000m\000e\000s\000p\000a\000c\000e\000\040\000I\000n\000d\000e\000x}{}% 1
\BOOKMARK [1][-]{section.1.1}{\376\377\000N\000a\000m\000e\000s\000p\000a\000c\000e\000\040\000L\000i\000s\000t}{chapter.1}% 2
\BOOKMARK [0][-]{chapter.2}{\376\377\000C\000l\000a\000s\000s\000\040\000I\000n\000d\000e\000x}{}% 3
\BOOKMARK [1][-]{section.2.1}{\376\377\000C\000l\000a\000s\000s\000\040\000L\000i\000s\000t}{chapter.2}% 4
\BOOKMARK [0][-]{chapter.3}{\376\377\000F\000i\000l\000e\000\040\000I\000n\000d\000e\000x}{}% 5
\BOOKMARK [1][-]{section.3.1}{\376\377\000F\000i\000l\000e\000\040\000L\000i\000s\000t}{chapter.3}% 6
\BOOKMARK [0][-]{chapter.4}{\376\377\000N\000a\000m\000e\000s\000p\000a\000c\000e\000\040\000D\000o\000c\000u\000m\000e\000n\000t\000a\000t\000i\000o\000n}{}% 7
\BOOKMARK [1][-]{section.4.1}{\376\377\000m\000a\000i\000n\000\040\000N\000a\000m\000e\000s\000p\000a\000c\000e\000\040\000R\000e\000f\000e\000r\000e\000n\000c\000e}{chapter.4}% 8
\BOOKMARK [2][-]{subsection.4.1.1}{\376\377\000F\000u\000n\000c\000t\000i\000o\000n\000\040\000D\000o\000c\000u\000m\000e\000n\000t\000a\000t\000i\000o\000n}{section.4.1}% 9
\BOOKMARK [3][-]{subsubsection.4.1.1.1}{\376\377\000m\000a\000i\000n}{subsection.4.1.1}% 10
\BOOKMARK [2][-]{subsection.4.1.2}{\376\377\000V\000a\000r\000i\000a\000b\000l\000e\000\040\000D\000o\000c\000u\000m\000e\000n\000t\000a\000t\000i\000o\000n}{section.4.1}% 11
\BOOKMARK [3][-]{subsubsection.4.1.2.1}{\376\377\000\137\000\137\000a\000u\000t\000h\000o\000r\000\137\000\137}{subsection.4.1.2}% 12
\BOOKMARK [3][-]{subsubsection.4.1.2.2}{\376\377\000\137\000\137\000l\000i\000c\000e\000n\000s\000e\000\137\000\137}{subsection.4.1.2}% 13
\BOOKMARK [3][-]{subsubsection.4.1.2.3}{\376\377\000\137\000\137\000p\000r\000o\000j\000e\000c\000t\000\137\000\137}{subsection.4.1.2}% 14
\BOOKMARK [1][-]{section.4.2}{\376\377\000o\000r\000i\000e\000n\000t\000e\000d\000\137\000p\000o\000i\000n\000t\000\040\000N\000a\000m\000e\000s\000p\000a\000c\000e\000\040\000R\000e\000f\000e\000r\000e\000n\000c\000e}{chapter.4}% 15
\BOOKMARK [2][-]{subsection.4.2.1}{\376\377\000V\000a\000r\000i\000a\000b\000l\000e\000\040\000D\000o\000c\000u\000m\000e\000n\000t\000a\000t\000i\000o\000n}{section.4.2}% 16
\BOOKMARK [3][-]{subsubsection.4.2.1.1}{\376\377\000\137\000\137\000a\000u\000t\000h\000o\000r\000\137\000\137}{subsection.4.2.1}% 17
\BOOKMARK [3][-]{subsubsection.4.2.1.2}{\376\377\000\137\000\137\000l\000i\000c\000e\000n\000s\000e\000\137\000\137}{subsection.4.2.1}% 18
\BOOKMARK [3][-]{subsubsection.4.2.1.3}{\376\377\000\137\000\137\000p\000r\000o\000j\000e\000c\000t\000\137\000\137}{subsection.4.2.1}% 19
\BOOKMARK [1][-]{section.4.3}{\376\377\000s\000t\000a\000r\000v\000a\000r\000s\000\040\000N\000a\000m\000e\000s\000p\000a\000c\000e\000\040\000R\000e\000f\000e\000r\000e\000n\000c\000e}{chapter.4}% 20
\BOOKMARK [2][-]{subsection.4.3.1}{\376\377\000V\000a\000r\000i\000a\000b\000l\000e\000\040\000D\000o\000c\000u\000m\000e\000n\000t\000a\000t\000i\000o\000n}{section.4.3}% 21
\BOOKMARK [3][-]{subsubsection.4.3.1.1}{\376\377\000\137\000\137\000a\000u\000t\000h\000o\000r\000\137\000\137}{subsection.4.3.1}% 22
\BOOKMARK [3][-]{subsubsection.4.3.1.2}{\376\377\000\137\000\137\000l\000i\000c\000e\000n\000s\000e\000\137\000\137}{subsection.4.3.1}% 23
\BOOKMARK [3][-]{subsubsection.4.3.1.3}{\376\377\000\137\000\137\000p\000r\000o\000j\000e\000c\000t\000\137\000\137}{subsection.4.3.1}% 24
\BOOKMARK [0][-]{chapter.5}{\376\377\000C\000l\000a\000s\000s\000\040\000D\000o\000c\000u\000m\000e\000n\000t\000a\000t\000i\000o\000n}{}% 25
\BOOKMARK [1][-]{section.5.1}{\376\377\000o\000r\000i\000e\000n\000t\000e\000d\000\137\000p\000o\000i\000n\000t\000.\000O\000r\000i\000e\000n\000t\000e\000d\000P\000o\000i\000n\000t\000\040\000C\000l\000a\000s\000s\000\040\000R\000e\000f\000e\000r\000e\000n\000c\000e}{chapter.5}% 26
\BOOKMARK [2][-]{subsection.5.1.1}{\376\377\000C\000o\000n\000s\000t\000r\000u\000c\000t\000o\000r\000\040\000\046\000\040\000D\000e\000s\000t\000r\000u\000c\000t\000o\000r\000\040\000D\000o\000c\000u\000m\000e\000n\000t\000a\000t\000i\000o\000n}{section.5.1}% 27
\BOOKMARK [3][-]{subsubsection.5.1.1.1}{\376\377\000\137\000\137\000i\000n\000i\000t\000\137\000\137}{subsection.5.1.1}% 28
\BOOKMARK [2][-]{subsection.5.1.2}{\376\377\000M\000e\000m\000b\000e\000r\000\040\000D\000a\000t\000a\000\040\000D\000o\000c\000u\000m\000e\000n\000t\000a\000t\000i\000o\000n}{section.5.1}% 29
\BOOKMARK [3][-]{subsubsection.5.1.2.1}{\376\377\000f\000o\000r\000w\000a\000r\000d\000\137\000n\000o\000i\000s\000e}{subsection.5.1.2}% 30
\BOOKMARK [3][-]{subsubsection.5.1.2.2}{\376\377\000o\000r\000i\000e\000n\000t\000a\000t\000i\000o\000n}{subsection.5.1.2}% 31
\BOOKMARK [3][-]{subsubsection.5.1.2.3}{\376\377\000s\000e\000n\000s\000e\000\137\000n\000o\000i\000s\000e}{subsection.5.1.2}% 32
\BOOKMARK [3][-]{subsubsection.5.1.2.4}{\376\377\000t\000u\000r\000n\000\137\000n\000o\000i\000s\000e}{subsection.5.1.2}% 33
\BOOKMARK [3][-]{subsubsection.5.1.2.5}{\376\377\000x}{subsection.5.1.2}% 34
\BOOKMARK [3][-]{subsubsection.5.1.2.6}{\376\377\000y}{subsection.5.1.2}% 35
\BOOKMARK [1][-]{section.5.2}{\376\377\000s\000t\000a\000r\000v\000a\000r\000s\000.\000S\000t\000a\000r\000V\000a\000r\000s\000\040\000C\000l\000a\000s\000s\000\040\000R\000e\000f\000e\000r\000e\000n\000c\000e}{chapter.5}% 36
\BOOKMARK [2][-]{subsection.5.2.1}{\376\377\000C\000o\000n\000s\000t\000r\000u\000c\000t\000o\000r\000\040\000\046\000\040\000D\000e\000s\000t\000r\000u\000c\000t\000o\000r\000\040\000D\000o\000c\000u\000m\000e\000n\000t\000a\000t\000i\000o\000n}{section.5.2}% 37
\BOOKMARK [3][-]{subsubsection.5.2.1.1}{\376\377\000\137\000\137\000i\000n\000i\000t\000\137\000\137}{subsection.5.2.1}% 38
\BOOKMARK [2][-]{subsection.5.2.2}{\376\377\000M\000e\000m\000b\000e\000r\000\040\000F\000u\000n\000c\000t\000i\000o\000n\000\040\000D\000o\000c\000u\000m\000e\000n\000t\000a\000t\000i\000o\000n}{section.5.2}% 39
\BOOKMARK [3][-]{subsubsection.5.2.2.1}{\376\377\000D\000a\000t\000a\000\137\000P\000r\000e\000\137\000P\000r\000o\000c\000e\000s\000s\000i\000n\000g}{subsection.5.2.2}% 40
\BOOKMARK [3][-]{subsubsection.5.2.2.2}{\376\377\000D\000e\000c\000i\000d\000e\000\137\000S\000t\000a\000r\000V\000a\000r\000s}{subsection.5.2.2}% 41
\BOOKMARK [3][-]{subsubsection.5.2.2.3}{\376\377\000g\000e\000t\000A\000n\000s\000w\000e\000r}{subsection.5.2.2}% 42
\BOOKMARK [3][-]{subsubsection.5.2.2.4}{\376\377\000R\000e\000c\000u\000r\000s\000i\000v\000e\000\137\000F\000o\000r}{subsection.5.2.2}% 43
\BOOKMARK [2][-]{subsection.5.2.3}{\376\377\000M\000e\000m\000b\000e\000r\000\040\000D\000a\000t\000a\000\040\000D\000o\000c\000u\000m\000e\000n\000t\000a\000t\000i\000o\000n}{section.5.2}% 44
\BOOKMARK [3][-]{subsubsection.5.2.3.1}{\376\377\000d\000a\000t\000a\000\137\000m\000a\000t\000r\000i\000x}{subsection.5.2.3}% 45
\BOOKMARK [3][-]{subsubsection.5.2.3.2}{\376\377\000e\000t\000a}{subsection.5.2.3}% 46
\BOOKMARK [3][-]{subsubsection.5.2.3.3}{\376\377\000l\000a\000n\000d\000m\000a\000r\000k\000s}{subsection.5.2.3}% 47
\BOOKMARK [3][-]{subsubsection.5.2.3.4}{\376\377\000l\000o\000o\000p\000n\000u\000m}{subsection.5.2.3}% 48
\BOOKMARK [3][-]{subsubsection.5.2.3.5}{\376\377\000m}{subsection.5.2.3}% 49
\BOOKMARK [3][-]{subsubsection.5.2.3.6}{\376\377\000m\000i\000s\000s\000i\000n\000g\000\137\000o\000r\000i\000e\000n\000t\000a\000t\000i\000o\000n}{subsection.5.2.3}% 50
\BOOKMARK [3][-]{subsubsection.5.2.3.7}{\376\377\000m\000i\000s\000s\000i\000n\000g\000\137\000r\000e\000l\000a\000t\000i\000o\000n\000s\000\137\000f\000r\000o\000m}{subsection.5.2.3}% 51
\BOOKMARK [3][-]{subsubsection.5.2.3.8}{\376\377\000o\000r\000i\000e\000n\000t\000\137\000i\000n\000d\000e\000x}{subsection.5.2.3}% 52
\BOOKMARK [3][-]{subsubsection.5.2.3.9}{\376\377\000o\000r\000i\000e\000n\000t\000e\000d\000\137\000p\000o\000i\000n\000t\000s}{subsection.5.2.3}% 53
\BOOKMARK [3][-]{subsubsection.5.2.3.10}{\376\377\000o\000v\000e\000r\000a\000l\000l\000\137\000o\000r\000i\000e\000n\000t\000a\000t\000i\000o\000n}{subsection.5.2.3}% 54
\BOOKMARK [3][-]{subsubsection.5.2.3.11}{\376\377\000o\000v\000e\000r\000a\000l\000l\000\137\000o\000r\000i\000e\000n\000t\000a\000t\000i\000o\000n\000\137\000a\000n\000s\000w\000e\000r}{subsection.5.2.3}% 55
\BOOKMARK [3][-]{subsubsection.5.2.3.12}{\376\377\000o\000v\000e\000r\000a\000l\000l\000\137\000r\000e\000l\000a\000t\000i\000o\000n\000s}{subsection.5.2.3}% 56
\BOOKMARK [3][-]{subsubsection.5.2.3.13}{\376\377\000o\000v\000e\000r\000a\000l\000l\000\137\000r\000e\000l\000a\000t\000i\000o\000n\000s\000\137\000a\000n\000s\000w\000e\000r}{subsection.5.2.3}% 57
\BOOKMARK [3][-]{subsubsection.5.2.3.14}{\376\377\000r\000e\000l\000a\000t\000i\000o\000n\000s\000\137\000i\000n\000d\000e\000x}{subsection.5.2.3}% 58
\BOOKMARK [3][-]{subsubsection.5.2.3.15}{\376\377\000t\000o\000t\000a\000l\000\137\000e\000n\000t\000i\000t\000i\000e\000s}{subsection.5.2.3}% 59
\BOOKMARK [3][-]{subsubsection.5.2.3.16}{\376\377\000v\000a\000r\000i\000a\000b\000l\000e\000\137\000l\000i\000s\000t}{subsection.5.2.3}% 60
\BOOKMARK [3][-]{subsubsection.5.2.3.17}{\376\377\000x\000y\000\137\000a\000n\000s\000w\000e\000r}{subsection.5.2.3}% 61
\BOOKMARK [0][-]{chapter.6}{\376\377\000F\000i\000l\000e\000\040\000D\000o\000c\000u\000m\000e\000n\000t\000a\000t\000i\000o\000n}{}% 62
\BOOKMARK [1][-]{section.6.1}{\376\377\000m\000a\000i\000n\000.\000p\000y\000\040\000F\000i\000l\000e\000\040\000R\000e\000f\000e\000r\000e\000n\000c\000e}{chapter.6}% 63
\BOOKMARK [1][-]{section.6.2}{\376\377\000o\000r\000i\000e\000n\000t\000e\000d\000\137\000p\000o\000i\000n\000t\000.\000p\000y\000\040\000F\000i\000l\000e\000\040\000R\000e\000f\000e\000r\000e\000n\000c\000e}{chapter.6}% 64
\BOOKMARK [1][-]{section.6.3}{\376\377\000s\000t\000a\000r\000v\000a\000r\000s\000.\000p\000y\000\040\000F\000i\000l\000e\000\040\000R\000e\000f\000e\000r\000e\000n\000c\000e}{chapter.6}% 65
\BOOKMARK [0][-]{section*.21}{\376\377\000I\000n\000d\000e\000x}{}% 66
